0 info it worked if it ends with ok
1 verbose cli [ 'C:\\Program Files\\nodejs\\node.exe',
1 verbose cli   'C:\\Program Files\\nodejs\\node_modules\\npm\\bin\\npm-cli.js',
1 verbose cli   'update',
1 verbose cli   '-g' ]
2 info using npm@3.3.12
3 info using node@v5.2.0
4 silly mapToRegistry name babel-cli
5 silly mapToRegistry using default registry
6 silly mapToRegistry registry https://registry.npmjs.org/
7 silly mapToRegistry uri https://registry.npmjs.org/babel-cli
8 silly mapToRegistry name bower
9 silly mapToRegistry using default registry
10 silly mapToRegistry registry https://registry.npmjs.org/
11 silly mapToRegistry uri https://registry.npmjs.org/bower
12 silly mapToRegistry name browserify
13 silly mapToRegistry using default registry
14 silly mapToRegistry registry https://registry.npmjs.org/
15 silly mapToRegistry uri https://registry.npmjs.org/browserify
16 silly mapToRegistry name cordova
17 silly mapToRegistry using default registry
18 silly mapToRegistry registry https://registry.npmjs.org/
19 silly mapToRegistry uri https://registry.npmjs.org/cordova
20 silly mapToRegistry name express-flame
21 silly mapToRegistry using default registry
22 silly mapToRegistry registry https://registry.npmjs.org/
23 silly mapToRegistry uri https://registry.npmjs.org/express-flame
24 silly mapToRegistry name flame-nunjucks
25 silly mapToRegistry using default registry
26 silly mapToRegistry registry https://registry.npmjs.org/
27 silly mapToRegistry uri https://registry.npmjs.org/flame-nunjucks
28 silly mapToRegistry name flamedisk
29 silly mapToRegistry using default registry
30 silly mapToRegistry registry https://registry.npmjs.org/
31 silly mapToRegistry uri https://registry.npmjs.org/flamedisk
32 silly mapToRegistry name flameresponse
33 silly mapToRegistry using default registry
34 silly mapToRegistry registry https://registry.npmjs.org/
35 silly mapToRegistry uri https://registry.npmjs.org/flameresponse
36 silly mapToRegistry name flamewire
37 silly mapToRegistry using default registry
38 silly mapToRegistry registry https://registry.npmjs.org/
39 silly mapToRegistry uri https://registry.npmjs.org/flamewire
40 silly mapToRegistry name generator-aurelia
41 silly mapToRegistry using default registry
42 silly mapToRegistry registry https://registry.npmjs.org/
43 silly mapToRegistry uri https://registry.npmjs.org/generator-aurelia
44 silly mapToRegistry name gulp
45 silly mapToRegistry using default registry
46 silly mapToRegistry registry https://registry.npmjs.org/
47 silly mapToRegistry uri https://registry.npmjs.org/gulp
48 silly mapToRegistry name http-server
49 silly mapToRegistry using default registry
50 silly mapToRegistry registry https://registry.npmjs.org/
51 silly mapToRegistry uri https://registry.npmjs.org/http-server
52 silly mapToRegistry name ionic
53 silly mapToRegistry using default registry
54 silly mapToRegistry registry https://registry.npmjs.org/
55 silly mapToRegistry uri https://registry.npmjs.org/ionic
56 silly mapToRegistry name jspm
57 silly mapToRegistry using default registry
58 silly mapToRegistry registry https://registry.npmjs.org/
59 silly mapToRegistry uri https://registry.npmjs.org/jspm
60 silly mapToRegistry name live-server
61 silly mapToRegistry using default registry
62 silly mapToRegistry registry https://registry.npmjs.org/
63 silly mapToRegistry uri https://registry.npmjs.org/live-server
64 silly mapToRegistry name loadtest
65 silly mapToRegistry using default registry
66 silly mapToRegistry registry https://registry.npmjs.org/
67 silly mapToRegistry uri https://registry.npmjs.org/loadtest
68 silly mapToRegistry name markdown-pdf
69 silly mapToRegistry using default registry
70 silly mapToRegistry registry https://registry.npmjs.org/
71 silly mapToRegistry uri https://registry.npmjs.org/markdown-pdf
72 silly mapToRegistry name markdown-to-html
73 silly mapToRegistry using default registry
74 silly mapToRegistry registry https://registry.npmjs.org/
75 silly mapToRegistry uri https://registry.npmjs.org/markdown-to-html
76 silly mapToRegistry name mocha
77 silly mapToRegistry using default registry
78 silly mapToRegistry registry https://registry.npmjs.org/
79 silly mapToRegistry uri https://registry.npmjs.org/mocha
80 silly mapToRegistry name nativescript
81 silly mapToRegistry using default registry
82 silly mapToRegistry registry https://registry.npmjs.org/
83 silly mapToRegistry uri https://registry.npmjs.org/nativescript
84 silly mapToRegistry name node-inspector
85 silly mapToRegistry using default registry
86 silly mapToRegistry registry https://registry.npmjs.org/
87 silly mapToRegistry uri https://registry.npmjs.org/node-inspector
88 silly mapToRegistry name node-sass
89 silly mapToRegistry using default registry
90 silly mapToRegistry registry https://registry.npmjs.org/
91 silly mapToRegistry uri https://registry.npmjs.org/node-sass
92 silly mapToRegistry name tsd
93 silly mapToRegistry using default registry
94 silly mapToRegistry registry https://registry.npmjs.org/
95 silly mapToRegistry uri https://registry.npmjs.org/tsd
96 silly mapToRegistry name typescript
97 silly mapToRegistry using default registry
98 silly mapToRegistry registry https://registry.npmjs.org/
99 silly mapToRegistry uri https://registry.npmjs.org/typescript
100 silly mapToRegistry name webpack
101 silly mapToRegistry using default registry
102 silly mapToRegistry registry https://registry.npmjs.org/
103 silly mapToRegistry uri https://registry.npmjs.org/webpack
104 silly mapToRegistry name webpack-dev-server
105 silly mapToRegistry using default registry
106 silly mapToRegistry registry https://registry.npmjs.org/
107 silly mapToRegistry uri https://registry.npmjs.org/webpack-dev-server
108 silly mapToRegistry name yo
109 silly mapToRegistry using default registry
110 silly mapToRegistry registry https://registry.npmjs.org/
111 silly mapToRegistry uri https://registry.npmjs.org/yo
112 silly mapToRegistry name babel-plugin-transform-runtime
113 silly mapToRegistry using default registry
114 silly mapToRegistry registry https://registry.npmjs.org/
115 silly mapToRegistry uri https://registry.npmjs.org/babel-plugin-transform-runtime
116 silly mapToRegistry name babel-preset-es2015
117 silly mapToRegistry using default registry
118 silly mapToRegistry registry https://registry.npmjs.org/
119 silly mapToRegistry uri https://registry.npmjs.org/babel-preset-es2015
120 silly mapToRegistry name babel-preset-stage-0
121 silly mapToRegistry using default registry
122 silly mapToRegistry registry https://registry.npmjs.org/
123 silly mapToRegistry uri https://registry.npmjs.org/babel-preset-stage-0
124 silly mapToRegistry name chai
125 silly mapToRegistry using default registry
126 silly mapToRegistry registry https://registry.npmjs.org/
127 silly mapToRegistry uri https://registry.npmjs.org/chai
128 silly mapToRegistry name debug
129 silly mapToRegistry using default registry
130 silly mapToRegistry registry https://registry.npmjs.org/
131 silly mapToRegistry uri https://registry.npmjs.org/debug
132 verbose request uri https://registry.npmjs.org/express-flame
133 verbose request no auth needed
134 info attempt registry request try #1 at 11:42:19 AM
135 verbose request using bearer token for auth
136 verbose request id ce8fdc636e90256b
137 http request GET https://registry.npmjs.org/express-flame
138 verbose request uri https://registry.npmjs.org/flame-nunjucks
139 verbose request no auth needed
140 info attempt registry request try #1 at 11:42:19 AM
141 verbose request using bearer token for auth
142 http request GET https://registry.npmjs.org/flame-nunjucks
143 verbose request uri https://registry.npmjs.org/flameresponse
144 verbose request no auth needed
145 info attempt registry request try #1 at 11:42:19 AM
146 verbose request using bearer token for auth
147 http request GET https://registry.npmjs.org/flameresponse
148 verbose request uri https://registry.npmjs.org/flamewire
149 verbose request no auth needed
150 info attempt registry request try #1 at 11:42:19 AM
151 verbose request using bearer token for auth
152 http request GET https://registry.npmjs.org/flamewire
153 verbose request uri https://registry.npmjs.org/babel-cli
154 verbose request no auth needed
155 info attempt registry request try #1 at 11:42:19 AM
156 verbose request using bearer token for auth
157 verbose etag "6MFHRVLWRLX44YGJTN9NNQGSS"
158 http request GET https://registry.npmjs.org/babel-cli
159 verbose request uri https://registry.npmjs.org/flamedisk
160 verbose request no auth needed
161 info attempt registry request try #1 at 11:42:19 AM
162 verbose request using bearer token for auth
163 verbose etag "9VO3DSTR6AC3M8DG52RGY2K2I"
164 http request GET https://registry.npmjs.org/flamedisk
165 verbose request uri https://registry.npmjs.org/bower
166 verbose request no auth needed
167 info attempt registry request try #1 at 11:42:19 AM
168 verbose request using bearer token for auth
169 verbose etag "6ZWOW31OV5PA4N3XE812O3H69"
170 http request GET https://registry.npmjs.org/bower
171 verbose request uri https://registry.npmjs.org/generator-aurelia
172 verbose request no auth needed
173 info attempt registry request try #1 at 11:42:19 AM
174 verbose request using bearer token for auth
175 verbose etag "3MPCTDK1S9OW9IXHREM12OPAX"
176 http request GET https://registry.npmjs.org/generator-aurelia
177 verbose request uri https://registry.npmjs.org/gulp
178 verbose request no auth needed
179 info attempt registry request try #1 at 11:42:19 AM
180 verbose request using bearer token for auth
181 verbose etag "E2WZ24KMVAVUQ8DNP8K3E4SI6"
182 http request GET https://registry.npmjs.org/gulp
183 verbose request uri https://registry.npmjs.org/cordova
184 verbose request no auth needed
185 info attempt registry request try #1 at 11:42:19 AM
186 verbose request using bearer token for auth
187 verbose etag "3M0SL517U84TBOOF0K9E069RW"
188 http request GET https://registry.npmjs.org/cordova
189 verbose request uri https://registry.npmjs.org/http-server
190 verbose request no auth needed
191 info attempt registry request try #1 at 11:42:19 AM
192 verbose request using bearer token for auth
193 verbose etag "44A9L74D6Z82EVOI7LPX3F3XJ"
194 http request GET https://registry.npmjs.org/http-server
195 verbose request uri https://registry.npmjs.org/loadtest
196 verbose request no auth needed
197 info attempt registry request try #1 at 11:42:19 AM
198 verbose request using bearer token for auth
199 verbose etag "8OFT9026OIWURAL7P3ICO7TXO"
200 http request GET https://registry.npmjs.org/loadtest
201 verbose request uri https://registry.npmjs.org/jspm
202 verbose request no auth needed
203 info attempt registry request try #1 at 11:42:19 AM
204 verbose request using bearer token for auth
205 verbose etag "21ILGR8BB7Q3HYTJI9EI568QU"
206 http request GET https://registry.npmjs.org/jspm
207 verbose request uri https://registry.npmjs.org/browserify
208 verbose request no auth needed
209 info attempt registry request try #1 at 11:42:19 AM
210 verbose request using bearer token for auth
211 verbose etag "C8420WZJE5HTVF9JRHZ6XA06S"
212 http request GET https://registry.npmjs.org/browserify
213 verbose request uri https://registry.npmjs.org/live-server
214 verbose request no auth needed
215 info attempt registry request try #1 at 11:42:19 AM
216 verbose request using bearer token for auth
217 verbose etag "4MRIYJ64G7ZHV0VCCSNY01G6C"
218 http request GET https://registry.npmjs.org/live-server
219 verbose request uri https://registry.npmjs.org/ionic
220 verbose request no auth needed
221 info attempt registry request try #1 at 11:42:19 AM
222 verbose request using bearer token for auth
223 verbose etag "8OIF4RS7MMU9IMLTYI1CF59PX"
224 http request GET https://registry.npmjs.org/ionic
225 verbose request uri https://registry.npmjs.org/markdown-pdf
226 verbose request no auth needed
227 info attempt registry request try #1 at 11:42:19 AM
228 verbose request using bearer token for auth
229 verbose etag "874RC1GQOVSV1FHO61T3QEOVW"
230 http request GET https://registry.npmjs.org/markdown-pdf
231 verbose request uri https://registry.npmjs.org/markdown-to-html
232 verbose request no auth needed
233 info attempt registry request try #1 at 11:42:19 AM
234 verbose request using bearer token for auth
235 verbose etag "21XMFFHGAN16LV77B05YWUIXB"
236 http request GET https://registry.npmjs.org/markdown-to-html
237 verbose request uri https://registry.npmjs.org/nativescript
238 verbose request no auth needed
239 info attempt registry request try #1 at 11:42:19 AM
240 verbose request using bearer token for auth
241 verbose etag "6NG9D0NHVOY37J16HQXV2UPD1"
242 http request GET https://registry.npmjs.org/nativescript
243 verbose request uri https://registry.npmjs.org/node-inspector
244 verbose request no auth needed
245 info attempt registry request try #1 at 11:42:19 AM
246 verbose request using bearer token for auth
247 verbose etag "7LU4Z2OXJK0K3298D5PQH2NGK"
248 http request GET https://registry.npmjs.org/node-inspector
249 verbose request uri https://registry.npmjs.org/node-sass
250 verbose request no auth needed
251 info attempt registry request try #1 at 11:42:19 AM
252 verbose request using bearer token for auth
253 verbose etag "D4CSBYXLTASPFR8U0VPYSIOL4"
254 http request GET https://registry.npmjs.org/node-sass
255 verbose request uri https://registry.npmjs.org/mocha
256 verbose request no auth needed
257 info attempt registry request try #1 at 11:42:19 AM
258 verbose request using bearer token for auth
259 verbose etag "60DCUITKAPIXW0DW67IMZ7TPG"
260 http request GET https://registry.npmjs.org/mocha
261 verbose request uri https://registry.npmjs.org/tsd
262 verbose request no auth needed
263 info attempt registry request try #1 at 11:42:19 AM
264 verbose request using bearer token for auth
265 verbose etag "EIROOMBLN02ZL0KP6R2IYEJLE"
266 http request GET https://registry.npmjs.org/tsd
267 verbose request uri https://registry.npmjs.org/webpack-dev-server
268 verbose request no auth needed
269 info attempt registry request try #1 at 11:42:19 AM
270 verbose request using bearer token for auth
271 verbose etag "E3XJ6OCVG4RMGM9L344GAXOA9"
272 http request GET https://registry.npmjs.org/webpack-dev-server
273 verbose request uri https://registry.npmjs.org/typescript
274 verbose request no auth needed
275 info attempt registry request try #1 at 11:42:19 AM
276 verbose request using bearer token for auth
277 verbose etag "K8MUC1J1C9UKPG16C4U3PLMT"
278 http request GET https://registry.npmjs.org/typescript
279 verbose request uri https://registry.npmjs.org/yo
280 verbose request no auth needed
281 info attempt registry request try #1 at 11:42:19 AM
282 verbose request using bearer token for auth
283 verbose etag "2X1RE21V1NJ9FLKP6C2ZS6F5D"
284 http request GET https://registry.npmjs.org/yo
285 verbose request uri https://registry.npmjs.org/babel-plugin-transform-runtime
286 verbose request no auth needed
287 info attempt registry request try #1 at 11:42:19 AM
288 verbose request using bearer token for auth
289 verbose etag "5HH69PZ5UCMRIN3TR9B4NL3T"
290 http request GET https://registry.npmjs.org/babel-plugin-transform-runtime
291 verbose request uri https://registry.npmjs.org/babel-preset-es2015
292 verbose request no auth needed
293 info attempt registry request try #1 at 11:42:19 AM
294 verbose request using bearer token for auth
295 verbose etag "BSZHL2OKCG9DHVVIZDVVR0A52"
296 http request GET https://registry.npmjs.org/babel-preset-es2015
297 verbose request uri https://registry.npmjs.org/babel-preset-stage-0
298 verbose request no auth needed
299 info attempt registry request try #1 at 11:42:19 AM
300 verbose request using bearer token for auth
301 verbose etag "BJ5HAD0ANJJBX2E6EXRAAE2FO"
302 http request GET https://registry.npmjs.org/babel-preset-stage-0
303 verbose request uri https://registry.npmjs.org/chai
304 verbose request no auth needed
305 info attempt registry request try #1 at 11:42:19 AM
306 verbose request using bearer token for auth
307 verbose etag "D8ANMGZLI0NX2SDNT9FQV3N6U"
308 http request GET https://registry.npmjs.org/chai
309 verbose request uri https://registry.npmjs.org/webpack
310 verbose request no auth needed
311 info attempt registry request try #1 at 11:42:19 AM
312 verbose request using bearer token for auth
313 verbose etag "3YSP7PVH52PNI20QEFXGX26NH"
314 http request GET https://registry.npmjs.org/webpack
315 verbose request uri https://registry.npmjs.org/debug
316 verbose request no auth needed
317 info attempt registry request try #1 at 11:42:19 AM
318 verbose request using bearer token for auth
319 verbose etag "C7GI7UKRTPM7NE18521B05WAT"
320 http request GET https://registry.npmjs.org/debug
321 http 404 https://registry.npmjs.org/flameresponse
322 verbose headers { 'content-type': 'application/json',
322 verbose headers   'cache-control': 'max-age=0',
322 verbose headers   'content-length': '2',
322 verbose headers   'accept-ranges': 'bytes',
322 verbose headers   date: 'Fri, 11 Dec 2015 16:42:20 GMT',
322 verbose headers   via: '1.1 varnish',
322 verbose headers   connection: 'keep-alive',
322 verbose headers   'x-served-by': 'cache-atl6229-ATL',
322 verbose headers   'x-cache': 'MISS',
322 verbose headers   'x-cache-hits': '0',
322 verbose headers   'x-timer': 'S1449852140.322002,VS0,VE30' }
323 silly get cb [ 404,
323 silly get   { 'content-type': 'application/json',
323 silly get     'cache-control': 'max-age=0',
323 silly get     'content-length': '2',
323 silly get     'accept-ranges': 'bytes',
323 silly get     date: 'Fri, 11 Dec 2015 16:42:20 GMT',
323 silly get     via: '1.1 varnish',
323 silly get     connection: 'keep-alive',
323 silly get     'x-served-by': 'cache-atl6229-ATL',
323 silly get     'x-cache': 'MISS',
323 silly get     'x-cache-hits': '0',
323 silly get     'x-timer': 'S1449852140.322002,VS0,VE30' } ]
324 http 404 https://registry.npmjs.org/flamewire
325 verbose headers { 'content-type': 'application/json',
325 verbose headers   'cache-control': 'max-age=0',
325 verbose headers   'content-length': '2',
325 verbose headers   'accept-ranges': 'bytes',
325 verbose headers   date: 'Fri, 11 Dec 2015 16:42:20 GMT',
325 verbose headers   via: '1.1 varnish',
325 verbose headers   connection: 'keep-alive',
325 verbose headers   'x-served-by': 'cache-atl6220-ATL',
325 verbose headers   'x-cache': 'MISS',
325 verbose headers   'x-cache-hits': '0',
325 verbose headers   'x-timer': 'S1449852140.322341,VS0,VE32' }
326 silly get cb [ 404,
326 silly get   { 'content-type': 'application/json',
326 silly get     'cache-control': 'max-age=0',
326 silly get     'content-length': '2',
326 silly get     'accept-ranges': 'bytes',
326 silly get     date: 'Fri, 11 Dec 2015 16:42:20 GMT',
326 silly get     via: '1.1 varnish',
326 silly get     connection: 'keep-alive',
326 silly get     'x-served-by': 'cache-atl6220-ATL',
326 silly get     'x-cache': 'MISS',
326 silly get     'x-cache-hits': '0',
326 silly get     'x-timer': 'S1449852140.322341,VS0,VE32' } ]
327 http 304 https://registry.npmjs.org/loadtest
328 verbose headers { 'cache-control': 'max-age=300',
328 verbose headers   'accept-ranges': 'bytes',
328 verbose headers   date: 'Fri, 11 Dec 2015 16:42:20 GMT',
328 verbose headers   via: '1.1 varnish',
328 verbose headers   connection: 'keep-alive',
328 verbose headers   'x-served-by': 'cache-atl6223-ATL',
328 verbose headers   'x-cache': 'MISS',
328 verbose headers   'x-cache-hits': '0',
328 verbose headers   'x-timer': 'S1449852140.360147,VS0,VE26' }
329 silly get cb [ 304,
329 silly get   { 'cache-control': 'max-age=300',
329 silly get     'accept-ranges': 'bytes',
329 silly get     date: 'Fri, 11 Dec 2015 16:42:20 GMT',
329 silly get     via: '1.1 varnish',
329 silly get     connection: 'keep-alive',
329 silly get     'x-served-by': 'cache-atl6223-ATL',
329 silly get     'x-cache': 'MISS',
329 silly get     'x-cache-hits': '0',
329 silly get     'x-timer': 'S1449852140.360147,VS0,VE26' } ]
330 verbose etag https://registry.npmjs.org/loadtest from cache
331 verbose get saving loadtest to C:\Users\shavauhng\AppData\Roaming\npm-cache\registry.npmjs.org\loadtest\.cache.json
332 http 304 https://registry.npmjs.org/markdown-to-html
333 verbose headers { 'cache-control': 'max-age=300',
333 verbose headers   'accept-ranges': 'bytes',
333 verbose headers   date: 'Fri, 11 Dec 2015 16:42:20 GMT',
333 verbose headers   via: '1.1 varnish',
333 verbose headers   connection: 'keep-alive',
333 verbose headers   'x-served-by': 'cache-atl6228-ATL',
333 verbose headers   'x-cache': 'MISS',
333 verbose headers   'x-cache-hits': '0',
333 verbose headers   'x-timer': 'S1449852140.372004,VS0,VE26' }
334 silly get cb [ 304,
334 silly get   { 'cache-control': 'max-age=300',
334 silly get     'accept-ranges': 'bytes',
334 silly get     date: 'Fri, 11 Dec 2015 16:42:20 GMT',
334 silly get     via: '1.1 varnish',
334 silly get     connection: 'keep-alive',
334 silly get     'x-served-by': 'cache-atl6228-ATL',
334 silly get     'x-cache': 'MISS',
334 silly get     'x-cache-hits': '0',
334 silly get     'x-timer': 'S1449852140.372004,VS0,VE26' } ]
335 verbose etag https://registry.npmjs.org/markdown-to-html from cache
336 verbose get saving markdown-to-html to C:\Users\shavauhng\AppData\Roaming\npm-cache\registry.npmjs.org\markdown-to-html\.cache.json
337 http 304 https://registry.npmjs.org/tsd
338 verbose headers { 'cache-control': 'max-age=300',
338 verbose headers   'accept-ranges': 'bytes',
338 verbose headers   date: 'Fri, 11 Dec 2015 16:42:20 GMT',
338 verbose headers   via: '1.1 varnish',
338 verbose headers   connection: 'keep-alive',
338 verbose headers   'x-served-by': 'cache-atl6225-ATL',
338 verbose headers   'x-cache': 'MISS',
338 verbose headers   'x-cache-hits': '0',
338 verbose headers   'x-timer': 'S1449852140.375702,VS0,VE25' }
339 silly get cb [ 304,
339 silly get   { 'cache-control': 'max-age=300',
339 silly get     'accept-ranges': 'bytes',
339 silly get     date: 'Fri, 11 Dec 2015 16:42:20 GMT',
339 silly get     via: '1.1 varnish',
339 silly get     connection: 'keep-alive',
339 silly get     'x-served-by': 'cache-atl6225-ATL',
339 silly get     'x-cache': 'MISS',
339 silly get     'x-cache-hits': '0',
339 silly get     'x-timer': 'S1449852140.375702,VS0,VE25' } ]
340 verbose etag https://registry.npmjs.org/tsd from cache
341 verbose get saving tsd to C:\Users\shavauhng\AppData\Roaming\npm-cache\registry.npmjs.org\tsd\.cache.json
342 http 304 https://registry.npmjs.org/nativescript
343 verbose headers { 'cache-control': 'max-age=300',
343 verbose headers   'accept-ranges': 'bytes',
343 verbose headers   date: 'Fri, 11 Dec 2015 16:42:20 GMT',
343 verbose headers   via: '1.1 varnish',
343 verbose headers   connection: 'keep-alive',
343 verbose headers   'x-served-by': 'cache-atl6230-ATL',
343 verbose headers   'x-cache': 'MISS',
343 verbose headers   'x-cache-hits': '0',
343 verbose headers   'x-timer': 'S1449852140.372171,VS0,VE27' }
344 silly get cb [ 304,
344 silly get   { 'cache-control': 'max-age=300',
344 silly get     'accept-ranges': 'bytes',
344 silly get     date: 'Fri, 11 Dec 2015 16:42:20 GMT',
344 silly get     via: '1.1 varnish',
344 silly get     connection: 'keep-alive',
344 silly get     'x-served-by': 'cache-atl6230-ATL',
344 silly get     'x-cache': 'MISS',
344 silly get     'x-cache-hits': '0',
344 silly get     'x-timer': 'S1449852140.372171,VS0,VE27' } ]
345 verbose etag https://registry.npmjs.org/nativescript from cache
346 verbose get saving nativescript to C:\Users\shavauhng\AppData\Roaming\npm-cache\registry.npmjs.org\nativescript\.cache.json
347 http 304 https://registry.npmjs.org/node-inspector
348 verbose headers { 'cache-control': 'max-age=300',
348 verbose headers   'accept-ranges': 'bytes',
348 verbose headers   date: 'Fri, 11 Dec 2015 16:42:20 GMT',
348 verbose headers   via: '1.1 varnish',
348 verbose headers   connection: 'keep-alive',
348 verbose headers   'x-served-by': 'cache-atl6224-ATL',
348 verbose headers   'x-cache': 'MISS',
348 verbose headers   'x-cache-hits': '0',
348 verbose headers   'x-timer': 'S1449852140.374203,VS0,VE27' }
349 silly get cb [ 304,
349 silly get   { 'cache-control': 'max-age=300',
349 silly get     'accept-ranges': 'bytes',
349 silly get     date: 'Fri, 11 Dec 2015 16:42:20 GMT',
349 silly get     via: '1.1 varnish',
349 silly get     connection: 'keep-alive',
349 silly get     'x-served-by': 'cache-atl6224-ATL',
349 silly get     'x-cache': 'MISS',
349 silly get     'x-cache-hits': '0',
349 silly get     'x-timer': 'S1449852140.374203,VS0,VE27' } ]
350 verbose etag https://registry.npmjs.org/node-inspector from cache
351 verbose get saving node-inspector to C:\Users\shavauhng\AppData\Roaming\npm-cache\registry.npmjs.org\node-inspector\.cache.json
352 http 304 https://registry.npmjs.org/chai
353 verbose headers { 'cache-control': 'max-age=300',
353 verbose headers   'accept-ranges': 'bytes',
353 verbose headers   date: 'Fri, 11 Dec 2015 16:42:20 GMT',
353 verbose headers   via: '1.1 varnish',
353 verbose headers   connection: 'keep-alive',
353 verbose headers   'x-served-by': 'cache-atl6234-ATL',
353 verbose headers   'x-cache': 'MISS',
353 verbose headers   'x-cache-hits': '0',
353 verbose headers   'x-timer': 'S1449852140.376781,VS0,VE28' }
354 silly get cb [ 304,
354 silly get   { 'cache-control': 'max-age=300',
354 silly get     'accept-ranges': 'bytes',
354 silly get     date: 'Fri, 11 Dec 2015 16:42:20 GMT',
354 silly get     via: '1.1 varnish',
354 silly get     connection: 'keep-alive',
354 silly get     'x-served-by': 'cache-atl6234-ATL',
354 silly get     'x-cache': 'MISS',
354 silly get     'x-cache-hits': '0',
354 silly get     'x-timer': 'S1449852140.376781,VS0,VE28' } ]
355 verbose etag https://registry.npmjs.org/chai from cache
356 verbose get saving chai to C:\Users\shavauhng\AppData\Roaming\npm-cache\registry.npmjs.org\chai\.cache.json
357 http 304 https://registry.npmjs.org/typescript
358 verbose headers { 'cache-control': 'max-age=300',
358 verbose headers   'accept-ranges': 'bytes',
358 verbose headers   date: 'Fri, 11 Dec 2015 16:42:20 GMT',
358 verbose headers   via: '1.1 varnish',
358 verbose headers   connection: 'keep-alive',
358 verbose headers   'x-served-by': 'cache-atl6234-ATL',
358 verbose headers   'x-cache': 'MISS',
358 verbose headers   'x-cache-hits': '0',
358 verbose headers   'x-timer': 'S1449852140.384519,VS0,VE26' }
359 silly get cb [ 304,
359 silly get   { 'cache-control': 'max-age=300',
359 silly get     'accept-ranges': 'bytes',
359 silly get     date: 'Fri, 11 Dec 2015 16:42:20 GMT',
359 silly get     via: '1.1 varnish',
359 silly get     connection: 'keep-alive',
359 silly get     'x-served-by': 'cache-atl6234-ATL',
359 silly get     'x-cache': 'MISS',
359 silly get     'x-cache-hits': '0',
359 silly get     'x-timer': 'S1449852140.384519,VS0,VE26' } ]
360 verbose etag https://registry.npmjs.org/typescript from cache
361 verbose get saving typescript to C:\Users\shavauhng\AppData\Roaming\npm-cache\registry.npmjs.org\typescript\.cache.json
362 http 304 https://registry.npmjs.org/node-sass
363 verbose headers { 'cache-control': 'max-age=300',
363 verbose headers   'accept-ranges': 'bytes',
363 verbose headers   date: 'Fri, 11 Dec 2015 16:42:20 GMT',
363 verbose headers   via: '1.1 varnish',
363 verbose headers   connection: 'keep-alive',
363 verbose headers   'x-served-by': 'cache-atl6221-ATL',
363 verbose headers   'x-cache': 'MISS',
363 verbose headers   'x-cache-hits': '0',
363 verbose headers   'x-timer': 'S1449852140.384334,VS0,VE27' }
364 silly get cb [ 304,
364 silly get   { 'cache-control': 'max-age=300',
364 silly get     'accept-ranges': 'bytes',
364 silly get     date: 'Fri, 11 Dec 2015 16:42:20 GMT',
364 silly get     via: '1.1 varnish',
364 silly get     connection: 'keep-alive',
364 silly get     'x-served-by': 'cache-atl6221-ATL',
364 silly get     'x-cache': 'MISS',
364 silly get     'x-cache-hits': '0',
364 silly get     'x-timer': 'S1449852140.384334,VS0,VE27' } ]
365 verbose etag https://registry.npmjs.org/node-sass from cache
366 verbose get saving node-sass to C:\Users\shavauhng\AppData\Roaming\npm-cache\registry.npmjs.org\node-sass\.cache.json
367 http 404 https://registry.npmjs.org/flame-nunjucks
368 verbose headers { 'content-type': 'application/json',
368 verbose headers   'cache-control': 'max-age=0',
368 verbose headers   'content-length': '2',
368 verbose headers   'accept-ranges': 'bytes',
368 verbose headers   date: 'Fri, 11 Dec 2015 16:42:20 GMT',
368 verbose headers   via: '1.1 varnish',
368 verbose headers   connection: 'keep-alive',
368 verbose headers   'x-served-by': 'cache-atl6227-ATL',
368 verbose headers   'x-cache': 'MISS',
368 verbose headers   'x-cache-hits': '0',
368 verbose headers   'x-timer': 'S1449852140.327649,VS0,VE93' }
369 silly get cb [ 404,
369 silly get   { 'content-type': 'application/json',
369 silly get     'cache-control': 'max-age=0',
369 silly get     'content-length': '2',
369 silly get     'accept-ranges': 'bytes',
369 silly get     date: 'Fri, 11 Dec 2015 16:42:20 GMT',
369 silly get     via: '1.1 varnish',
369 silly get     connection: 'keep-alive',
369 silly get     'x-served-by': 'cache-atl6227-ATL',
369 silly get     'x-cache': 'MISS',
369 silly get     'x-cache-hits': '0',
369 silly get     'x-timer': 'S1449852140.327649,VS0,VE93' } ]
370 http 304 https://registry.npmjs.org/bower
371 verbose headers { 'cache-control': 'max-age=300',
371 verbose headers   'accept-ranges': 'bytes',
371 verbose headers   date: 'Fri, 11 Dec 2015 16:42:20 GMT',
371 verbose headers   via: '1.1 varnish',
371 verbose headers   connection: 'keep-alive',
371 verbose headers   'x-served-by': 'cache-atl6231-ATL',
371 verbose headers   'x-cache': 'MISS',
371 verbose headers   'x-cache-hits': '0',
371 verbose headers   'x-timer': 'S1449852140.360512,VS0,VE84' }
372 silly get cb [ 304,
372 silly get   { 'cache-control': 'max-age=300',
372 silly get     'accept-ranges': 'bytes',
372 silly get     date: 'Fri, 11 Dec 2015 16:42:20 GMT',
372 silly get     via: '1.1 varnish',
372 silly get     connection: 'keep-alive',
372 silly get     'x-served-by': 'cache-atl6231-ATL',
372 silly get     'x-cache': 'MISS',
372 silly get     'x-cache-hits': '0',
372 silly get     'x-timer': 'S1449852140.360512,VS0,VE84' } ]
373 verbose etag https://registry.npmjs.org/bower from cache
374 verbose get saving bower to C:\Users\shavauhng\AppData\Roaming\npm-cache\registry.npmjs.org\bower\.cache.json
375 http 304 https://registry.npmjs.org/babel-preset-stage-0
376 verbose headers { 'cache-control': 'max-age=300',
376 verbose headers   'accept-ranges': 'bytes',
376 verbose headers   date: 'Fri, 11 Dec 2015 16:42:20 GMT',
376 verbose headers   via: '1.1 varnish',
376 verbose headers   connection: 'keep-alive',
376 verbose headers   'x-served-by': 'cache-atl6225-ATL',
376 verbose headers   'x-cache': 'MISS',
376 verbose headers   'x-cache-hits': '0',
376 verbose headers   'x-timer': 'S1449852140.427829,VS0,VE25' }
377 silly get cb [ 304,
377 silly get   { 'cache-control': 'max-age=300',
377 silly get     'accept-ranges': 'bytes',
377 silly get     date: 'Fri, 11 Dec 2015 16:42:20 GMT',
377 silly get     via: '1.1 varnish',
377 silly get     connection: 'keep-alive',
377 silly get     'x-served-by': 'cache-atl6225-ATL',
377 silly get     'x-cache': 'MISS',
377 silly get     'x-cache-hits': '0',
377 silly get     'x-timer': 'S1449852140.427829,VS0,VE25' } ]
378 verbose etag https://registry.npmjs.org/babel-preset-stage-0 from cache
379 verbose get saving babel-preset-stage-0 to C:\Users\shavauhng\AppData\Roaming\npm-cache\registry.npmjs.org\babel-preset-stage-0\.cache.json
380 http 304 https://registry.npmjs.org/gulp
381 verbose headers { 'cache-control': 'max-age=300',
381 verbose headers   'accept-ranges': 'bytes',
381 verbose headers   date: 'Fri, 11 Dec 2015 16:42:20 GMT',
381 verbose headers   via: '1.1 varnish',
381 verbose headers   connection: 'keep-alive',
381 verbose headers   'x-served-by': 'cache-atl6231-ATL',
381 verbose headers   'x-cache': 'MISS',
381 verbose headers   'x-cache-hits': '0',
381 verbose headers   'x-timer': 'S1449852140.425021,VS0,VE28' }
382 silly get cb [ 304,
382 silly get   { 'cache-control': 'max-age=300',
382 silly get     'accept-ranges': 'bytes',
382 silly get     date: 'Fri, 11 Dec 2015 16:42:20 GMT',
382 silly get     via: '1.1 varnish',
382 silly get     connection: 'keep-alive',
382 silly get     'x-served-by': 'cache-atl6231-ATL',
382 silly get     'x-cache': 'MISS',
382 silly get     'x-cache-hits': '0',
382 silly get     'x-timer': 'S1449852140.425021,VS0,VE28' } ]
383 verbose etag https://registry.npmjs.org/gulp from cache
384 verbose get saving gulp to C:\Users\shavauhng\AppData\Roaming\npm-cache\registry.npmjs.org\gulp\.cache.json
385 http 304 https://registry.npmjs.org/babel-plugin-transform-runtime
386 verbose headers { 'cache-control': 'max-age=300',
386 verbose headers   'accept-ranges': 'bytes',
386 verbose headers   date: 'Fri, 11 Dec 2015 16:42:20 GMT',
386 verbose headers   via: '1.1 varnish',
386 verbose headers   connection: 'keep-alive',
386 verbose headers   'x-served-by': 'cache-atl6226-ATL',
386 verbose headers   'x-cache': 'MISS',
386 verbose headers   'x-cache-hits': '0',
386 verbose headers   'x-timer': 'S1449852140.427005,VS0,VE28' }
387 silly get cb [ 304,
387 silly get   { 'cache-control': 'max-age=300',
387 silly get     'accept-ranges': 'bytes',
387 silly get     date: 'Fri, 11 Dec 2015 16:42:20 GMT',
387 silly get     via: '1.1 varnish',
387 silly get     connection: 'keep-alive',
387 silly get     'x-served-by': 'cache-atl6226-ATL',
387 silly get     'x-cache': 'MISS',
387 silly get     'x-cache-hits': '0',
387 silly get     'x-timer': 'S1449852140.427005,VS0,VE28' } ]
388 verbose etag https://registry.npmjs.org/babel-plugin-transform-runtime from cache
389 verbose get saving babel-plugin-transform-runtime to C:\Users\shavauhng\AppData\Roaming\npm-cache\registry.npmjs.org\babel-plugin-transform-runtime\.cache.json
390 http 304 https://registry.npmjs.org/markdown-pdf
391 verbose headers { 'cache-control': 'max-age=300',
391 verbose headers   'accept-ranges': 'bytes',
391 verbose headers   date: 'Fri, 11 Dec 2015 16:42:20 GMT',
391 verbose headers   via: '1.1 varnish',
391 verbose headers   connection: 'keep-alive',
391 verbose headers   'x-served-by': 'cache-atl6229-ATL',
391 verbose headers   'x-cache': 'MISS',
391 verbose headers   'x-cache-hits': '0',
391 verbose headers   'x-timer': 'S1449852140.363659,VS0,VE94' }
392 silly get cb [ 304,
392 silly get   { 'cache-control': 'max-age=300',
392 silly get     'accept-ranges': 'bytes',
392 silly get     date: 'Fri, 11 Dec 2015 16:42:20 GMT',
392 silly get     via: '1.1 varnish',
392 silly get     connection: 'keep-alive',
392 silly get     'x-served-by': 'cache-atl6229-ATL',
392 silly get     'x-cache': 'MISS',
392 silly get     'x-cache-hits': '0',
392 silly get     'x-timer': 'S1449852140.363659,VS0,VE94' } ]
393 verbose etag https://registry.npmjs.org/markdown-pdf from cache
394 verbose get saving markdown-pdf to C:\Users\shavauhng\AppData\Roaming\npm-cache\registry.npmjs.org\markdown-pdf\.cache.json
395 http 304 https://registry.npmjs.org/browserify
396 verbose headers { 'cache-control': 'max-age=300',
396 verbose headers   'accept-ranges': 'bytes',
396 verbose headers   date: 'Fri, 11 Dec 2015 16:42:20 GMT',
396 verbose headers   via: '1.1 varnish',
396 verbose headers   connection: 'keep-alive',
396 verbose headers   'x-served-by': 'cache-atl6225-ATL',
396 verbose headers   'x-cache': 'MISS',
396 verbose headers   'x-cache-hits': '0',
396 verbose headers   'x-timer': 'S1449852140.375370,VS0,VE86' }
397 silly get cb [ 304,
397 silly get   { 'cache-control': 'max-age=300',
397 silly get     'accept-ranges': 'bytes',
397 silly get     date: 'Fri, 11 Dec 2015 16:42:20 GMT',
397 silly get     via: '1.1 varnish',
397 silly get     connection: 'keep-alive',
397 silly get     'x-served-by': 'cache-atl6225-ATL',
397 silly get     'x-cache': 'MISS',
397 silly get     'x-cache-hits': '0',
397 silly get     'x-timer': 'S1449852140.375370,VS0,VE86' } ]
398 verbose etag https://registry.npmjs.org/browserify from cache
399 verbose get saving browserify to C:\Users\shavauhng\AppData\Roaming\npm-cache\registry.npmjs.org\browserify\.cache.json
400 http 304 https://registry.npmjs.org/live-server
401 verbose headers { 'cache-control': 'max-age=300',
401 verbose headers   'accept-ranges': 'bytes',
401 verbose headers   date: 'Fri, 11 Dec 2015 16:42:20 GMT',
401 verbose headers   via: '1.1 varnish',
401 verbose headers   connection: 'keep-alive',
401 verbose headers   'x-served-by': 'cache-atl6230-ATL',
401 verbose headers   'x-cache': 'MISS',
401 verbose headers   'x-cache-hits': '0',
401 verbose headers   'x-timer': 'S1449852140.360710,VS0,VE99' }
402 silly get cb [ 304,
402 silly get   { 'cache-control': 'max-age=300',
402 silly get     'accept-ranges': 'bytes',
402 silly get     date: 'Fri, 11 Dec 2015 16:42:20 GMT',
402 silly get     via: '1.1 varnish',
402 silly get     connection: 'keep-alive',
402 silly get     'x-served-by': 'cache-atl6230-ATL',
402 silly get     'x-cache': 'MISS',
402 silly get     'x-cache-hits': '0',
402 silly get     'x-timer': 'S1449852140.360710,VS0,VE99' } ]
403 verbose etag https://registry.npmjs.org/live-server from cache
404 verbose get saving live-server to C:\Users\shavauhng\AppData\Roaming\npm-cache\registry.npmjs.org\live-server\.cache.json
405 http 304 https://registry.npmjs.org/babel-preset-es2015
406 verbose headers { 'cache-control': 'max-age=300',
406 verbose headers   'accept-ranges': 'bytes',
406 verbose headers   date: 'Fri, 11 Dec 2015 16:42:20 GMT',
406 verbose headers   via: '1.1 varnish',
406 verbose headers   connection: 'keep-alive',
406 verbose headers   'x-served-by': 'cache-atl6233-ATL',
406 verbose headers   'x-cache': 'MISS',
406 verbose headers   'x-cache-hits': '0',
406 verbose headers   'x-timer': 'S1449852140.372786,VS0,VE94' }
407 silly get cb [ 304,
407 silly get   { 'cache-control': 'max-age=300',
407 silly get     'accept-ranges': 'bytes',
407 silly get     date: 'Fri, 11 Dec 2015 16:42:20 GMT',
407 silly get     via: '1.1 varnish',
407 silly get     connection: 'keep-alive',
407 silly get     'x-served-by': 'cache-atl6233-ATL',
407 silly get     'x-cache': 'MISS',
407 silly get     'x-cache-hits': '0',
407 silly get     'x-timer': 'S1449852140.372786,VS0,VE94' } ]
408 verbose etag https://registry.npmjs.org/babel-preset-es2015 from cache
409 verbose get saving babel-preset-es2015 to C:\Users\shavauhng\AppData\Roaming\npm-cache\registry.npmjs.org\babel-preset-es2015\.cache.json
410 http 304 https://registry.npmjs.org/mocha
411 verbose headers { 'cache-control': 'max-age=300',
411 verbose headers   'accept-ranges': 'bytes',
411 verbose headers   date: 'Fri, 11 Dec 2015 16:42:20 GMT',
411 verbose headers   via: '1.1 varnish',
411 verbose headers   connection: 'keep-alive',
411 verbose headers   'x-served-by': 'cache-atl6227-ATL',
411 verbose headers   'x-cache': 'MISS',
411 verbose headers   'x-cache-hits': '0',
411 verbose headers   'x-timer': 'S1449852140.373854,VS0,VE98' }
412 silly get cb [ 304,
412 silly get   { 'cache-control': 'max-age=300',
412 silly get     'accept-ranges': 'bytes',
412 silly get     date: 'Fri, 11 Dec 2015 16:42:20 GMT',
412 silly get     via: '1.1 varnish',
412 silly get     connection: 'keep-alive',
412 silly get     'x-served-by': 'cache-atl6227-ATL',
412 silly get     'x-cache': 'MISS',
412 silly get     'x-cache-hits': '0',
412 silly get     'x-timer': 'S1449852140.373854,VS0,VE98' } ]
413 verbose etag https://registry.npmjs.org/mocha from cache
414 verbose get saving mocha to C:\Users\shavauhng\AppData\Roaming\npm-cache\registry.npmjs.org\mocha\.cache.json
415 http 304 https://registry.npmjs.org/ionic
416 verbose headers { 'cache-control': 'max-age=300',
416 verbose headers   'accept-ranges': 'bytes',
416 verbose headers   date: 'Fri, 11 Dec 2015 16:42:20 GMT',
416 verbose headers   via: '1.1 varnish',
416 verbose headers   connection: 'keep-alive',
416 verbose headers   'x-served-by': 'cache-atl6231-ATL',
416 verbose headers   'x-cache': 'MISS',
416 verbose headers   'x-cache-hits': '0',
416 verbose headers   'x-timer': 'S1449852140.360932,VS0,VE111' }
417 silly get cb [ 304,
417 silly get   { 'cache-control': 'max-age=300',
417 silly get     'accept-ranges': 'bytes',
417 silly get     date: 'Fri, 11 Dec 2015 16:42:20 GMT',
417 silly get     via: '1.1 varnish',
417 silly get     connection: 'keep-alive',
417 silly get     'x-served-by': 'cache-atl6231-ATL',
417 silly get     'x-cache': 'MISS',
417 silly get     'x-cache-hits': '0',
417 silly get     'x-timer': 'S1449852140.360932,VS0,VE111' } ]
418 verbose etag https://registry.npmjs.org/ionic from cache
419 verbose get saving ionic to C:\Users\shavauhng\AppData\Roaming\npm-cache\registry.npmjs.org\ionic\.cache.json
420 http 304 https://registry.npmjs.org/cordova
421 verbose headers { 'cache-control': 'max-age=300',
421 verbose headers   'accept-ranges': 'bytes',
421 verbose headers   date: 'Fri, 11 Dec 2015 16:42:20 GMT',
421 verbose headers   via: '1.1 varnish',
421 verbose headers   connection: 'keep-alive',
421 verbose headers   'x-served-by': 'cache-atl6223-ATL',
421 verbose headers   'x-cache': 'MISS',
421 verbose headers   'x-cache-hits': '0',
421 verbose headers   'x-timer': 'S1449852140.360186,VS0,VE114' }
422 silly get cb [ 304,
422 silly get   { 'cache-control': 'max-age=300',
422 silly get     'accept-ranges': 'bytes',
422 silly get     date: 'Fri, 11 Dec 2015 16:42:20 GMT',
422 silly get     via: '1.1 varnish',
422 silly get     connection: 'keep-alive',
422 silly get     'x-served-by': 'cache-atl6223-ATL',
422 silly get     'x-cache': 'MISS',
422 silly get     'x-cache-hits': '0',
422 silly get     'x-timer': 'S1449852140.360186,VS0,VE114' } ]
423 verbose etag https://registry.npmjs.org/cordova from cache
424 verbose get saving cordova to C:\Users\shavauhng\AppData\Roaming\npm-cache\registry.npmjs.org\cordova\.cache.json
425 http 304 https://registry.npmjs.org/webpack-dev-server
426 verbose headers { 'cache-control': 'max-age=300',
426 verbose headers   'accept-ranges': 'bytes',
426 verbose headers   date: 'Fri, 11 Dec 2015 16:42:20 GMT',
426 verbose headers   via: '1.1 varnish',
426 verbose headers   connection: 'keep-alive',
426 verbose headers   'x-served-by': 'cache-atl6235-ATL',
426 verbose headers   'x-cache': 'MISS',
426 verbose headers   'x-cache-hits': '0',
426 verbose headers   'x-timer': 'S1449852140.398335,VS0,VE96' }
427 silly get cb [ 304,
427 silly get   { 'cache-control': 'max-age=300',
427 silly get     'accept-ranges': 'bytes',
427 silly get     date: 'Fri, 11 Dec 2015 16:42:20 GMT',
427 silly get     via: '1.1 varnish',
427 silly get     connection: 'keep-alive',
427 silly get     'x-served-by': 'cache-atl6235-ATL',
427 silly get     'x-cache': 'MISS',
427 silly get     'x-cache-hits': '0',
427 silly get     'x-timer': 'S1449852140.398335,VS0,VE96' } ]
428 verbose etag https://registry.npmjs.org/webpack-dev-server from cache
429 verbose get saving webpack-dev-server to C:\Users\shavauhng\AppData\Roaming\npm-cache\registry.npmjs.org\webpack-dev-server\.cache.json
430 http 304 https://registry.npmjs.org/flamedisk
431 verbose headers { 'cache-control': 'max-age=300',
431 verbose headers   'accept-ranges': 'bytes',
431 verbose headers   date: 'Fri, 11 Dec 2015 16:42:20 GMT',
431 verbose headers   via: '1.1 varnish',
431 verbose headers   connection: 'keep-alive',
431 verbose headers   'x-served-by': 'cache-atl6224-ATL',
431 verbose headers   'x-cache': 'MISS',
431 verbose headers   'x-cache-hits': '0',
431 verbose headers   'x-timer': 'S1449852140.427145,VS0,VE85' }
432 silly get cb [ 304,
432 silly get   { 'cache-control': 'max-age=300',
432 silly get     'accept-ranges': 'bytes',
432 silly get     date: 'Fri, 11 Dec 2015 16:42:20 GMT',
432 silly get     via: '1.1 varnish',
432 silly get     connection: 'keep-alive',
432 silly get     'x-served-by': 'cache-atl6224-ATL',
432 silly get     'x-cache': 'MISS',
432 silly get     'x-cache-hits': '0',
432 silly get     'x-timer': 'S1449852140.427145,VS0,VE85' } ]
433 verbose etag https://registry.npmjs.org/flamedisk from cache
434 verbose get saving flamedisk to C:\Users\shavauhng\AppData\Roaming\npm-cache\registry.npmjs.org\flamedisk\.cache.json
435 http 304 https://registry.npmjs.org/babel-cli
436 verbose headers { 'cache-control': 'max-age=300',
436 verbose headers   'accept-ranges': 'bytes',
436 verbose headers   date: 'Fri, 11 Dec 2015 16:42:20 GMT',
436 verbose headers   via: '1.1 varnish',
436 verbose headers   connection: 'keep-alive',
436 verbose headers   'x-served-by': 'cache-atl6228-ATL',
436 verbose headers   'x-cache': 'MISS',
436 verbose headers   'x-cache-hits': '0',
436 verbose headers   'x-timer': 'S1449852140.425545,VS0,VE86' }
437 silly get cb [ 304,
437 silly get   { 'cache-control': 'max-age=300',
437 silly get     'accept-ranges': 'bytes',
437 silly get     date: 'Fri, 11 Dec 2015 16:42:20 GMT',
437 silly get     via: '1.1 varnish',
437 silly get     connection: 'keep-alive',
437 silly get     'x-served-by': 'cache-atl6228-ATL',
437 silly get     'x-cache': 'MISS',
437 silly get     'x-cache-hits': '0',
437 silly get     'x-timer': 'S1449852140.425545,VS0,VE86' } ]
438 verbose etag https://registry.npmjs.org/babel-cli from cache
439 verbose get saving babel-cli to C:\Users\shavauhng\AppData\Roaming\npm-cache\registry.npmjs.org\babel-cli\.cache.json
440 http 304 https://registry.npmjs.org/generator-aurelia
441 verbose headers { 'cache-control': 'max-age=300',
441 verbose headers   'accept-ranges': 'bytes',
441 verbose headers   date: 'Fri, 11 Dec 2015 16:42:20 GMT',
441 verbose headers   via: '1.1 varnish',
441 verbose headers   connection: 'keep-alive',
441 verbose headers   'x-served-by': 'cache-atl6234-ATL',
441 verbose headers   'x-cache': 'MISS',
441 verbose headers   'x-cache-hits': '0',
441 verbose headers   'x-timer': 'S1449852140.425791,VS0,VE93' }
442 silly get cb [ 304,
442 silly get   { 'cache-control': 'max-age=300',
442 silly get     'accept-ranges': 'bytes',
442 silly get     date: 'Fri, 11 Dec 2015 16:42:20 GMT',
442 silly get     via: '1.1 varnish',
442 silly get     connection: 'keep-alive',
442 silly get     'x-served-by': 'cache-atl6234-ATL',
442 silly get     'x-cache': 'MISS',
442 silly get     'x-cache-hits': '0',
442 silly get     'x-timer': 'S1449852140.425791,VS0,VE93' } ]
443 verbose etag https://registry.npmjs.org/generator-aurelia from cache
444 verbose get saving generator-aurelia to C:\Users\shavauhng\AppData\Roaming\npm-cache\registry.npmjs.org\generator-aurelia\.cache.json
445 http 404 https://registry.npmjs.org/express-flame
446 verbose headers { 'content-type': 'application/json',
446 verbose headers   'cache-control': 'max-age=0',
446 verbose headers   'content-length': '2',
446 verbose headers   'accept-ranges': 'bytes',
446 verbose headers   date: 'Fri, 11 Dec 2015 16:42:20 GMT',
446 verbose headers   via: '1.1 varnish',
446 verbose headers   connection: 'keep-alive',
446 verbose headers   'x-served-by': 'cache-atl6225-ATL',
446 verbose headers   'x-cache': 'MISS',
446 verbose headers   'x-cache-hits': '0',
446 verbose headers   'x-timer': 'S1449852140.325490,VS0,VE360' }
447 silly get cb [ 404,
447 silly get   { 'content-type': 'application/json',
447 silly get     'cache-control': 'max-age=0',
447 silly get     'content-length': '2',
447 silly get     'accept-ranges': 'bytes',
447 silly get     date: 'Fri, 11 Dec 2015 16:42:20 GMT',
447 silly get     via: '1.1 varnish',
447 silly get     connection: 'keep-alive',
447 silly get     'x-served-by': 'cache-atl6225-ATL',
447 silly get     'x-cache': 'MISS',
447 silly get     'x-cache-hits': '0',
447 silly get     'x-timer': 'S1449852140.325490,VS0,VE360' } ]
448 http 304 https://registry.npmjs.org/yo
449 verbose headers { 'cache-control': 'max-age=300',
449 verbose headers   'accept-ranges': 'bytes',
449 verbose headers   date: 'Fri, 11 Dec 2015 16:42:20 GMT',
449 verbose headers   via: '1.1 varnish',
449 verbose headers   connection: 'keep-alive',
449 verbose headers   'x-served-by': 'cache-atl6225-ATL',
449 verbose headers   'x-cache': 'MISS',
449 verbose headers   'x-cache-hits': '0',
449 verbose headers   'x-timer': 'S1449852140.379273,VS0,VE348' }
450 silly get cb [ 304,
450 silly get   { 'cache-control': 'max-age=300',
450 silly get     'accept-ranges': 'bytes',
450 silly get     date: 'Fri, 11 Dec 2015 16:42:20 GMT',
450 silly get     via: '1.1 varnish',
450 silly get     connection: 'keep-alive',
450 silly get     'x-served-by': 'cache-atl6225-ATL',
450 silly get     'x-cache': 'MISS',
450 silly get     'x-cache-hits': '0',
450 silly get     'x-timer': 'S1449852140.379273,VS0,VE348' } ]
451 verbose etag https://registry.npmjs.org/yo from cache
452 verbose get saving yo to C:\Users\shavauhng\AppData\Roaming\npm-cache\registry.npmjs.org\yo\.cache.json
453 http 304 https://registry.npmjs.org/webpack
454 verbose headers { 'cache-control': 'max-age=300',
454 verbose headers   'accept-ranges': 'bytes',
454 verbose headers   date: 'Fri, 11 Dec 2015 16:42:20 GMT',
454 verbose headers   via: '1.1 varnish',
454 verbose headers   connection: 'keep-alive',
454 verbose headers   'x-served-by': 'cache-atl6233-ATL',
454 verbose headers   'x-cache': 'MISS',
454 verbose headers   'x-cache-hits': '0',
454 verbose headers   'x-timer': 'S1449852140.379992,VS0,VE361' }
455 silly get cb [ 304,
455 silly get   { 'cache-control': 'max-age=300',
455 silly get     'accept-ranges': 'bytes',
455 silly get     date: 'Fri, 11 Dec 2015 16:42:20 GMT',
455 silly get     via: '1.1 varnish',
455 silly get     connection: 'keep-alive',
455 silly get     'x-served-by': 'cache-atl6233-ATL',
455 silly get     'x-cache': 'MISS',
455 silly get     'x-cache-hits': '0',
455 silly get     'x-timer': 'S1449852140.379992,VS0,VE361' } ]
456 verbose etag https://registry.npmjs.org/webpack from cache
457 verbose get saving webpack to C:\Users\shavauhng\AppData\Roaming\npm-cache\registry.npmjs.org\webpack\.cache.json
458 http 304 https://registry.npmjs.org/debug
459 verbose headers { 'cache-control': 'max-age=300',
459 verbose headers   'accept-ranges': 'bytes',
459 verbose headers   date: 'Fri, 11 Dec 2015 16:42:20 GMT',
459 verbose headers   via: '1.1 varnish',
459 verbose headers   connection: 'keep-alive',
459 verbose headers   'x-served-by': 'cache-atl6225-ATL',
459 verbose headers   'x-cache': 'MISS',
459 verbose headers   'x-cache-hits': '0',
459 verbose headers   'x-timer': 'S1449852140.379264,VS0,VE382' }
460 silly get cb [ 304,
460 silly get   { 'cache-control': 'max-age=300',
460 silly get     'accept-ranges': 'bytes',
460 silly get     date: 'Fri, 11 Dec 2015 16:42:20 GMT',
460 silly get     via: '1.1 varnish',
460 silly get     connection: 'keep-alive',
460 silly get     'x-served-by': 'cache-atl6225-ATL',
460 silly get     'x-cache': 'MISS',
460 silly get     'x-cache-hits': '0',
460 silly get     'x-timer': 'S1449852140.379264,VS0,VE382' } ]
461 verbose etag https://registry.npmjs.org/debug from cache
462 verbose get saving debug to C:\Users\shavauhng\AppData\Roaming\npm-cache\registry.npmjs.org\debug\.cache.json
463 http 304 https://registry.npmjs.org/http-server
464 verbose headers { 'cache-control': 'max-age=300',
464 verbose headers   'accept-ranges': 'bytes',
464 verbose headers   date: 'Fri, 11 Dec 2015 16:42:20 GMT',
464 verbose headers   via: '1.1 varnish',
464 verbose headers   connection: 'keep-alive',
464 verbose headers   'x-served-by': 'cache-atl6224-ATL',
464 verbose headers   'x-cache': 'MISS',
464 verbose headers   'x-cache-hits': '0',
464 verbose headers   'x-timer': 'S1449852140.426480,VS0,VE350' }
465 silly get cb [ 304,
465 silly get   { 'cache-control': 'max-age=300',
465 silly get     'accept-ranges': 'bytes',
465 silly get     date: 'Fri, 11 Dec 2015 16:42:20 GMT',
465 silly get     via: '1.1 varnish',
465 silly get     connection: 'keep-alive',
465 silly get     'x-served-by': 'cache-atl6224-ATL',
465 silly get     'x-cache': 'MISS',
465 silly get     'x-cache-hits': '0',
465 silly get     'x-timer': 'S1449852140.426480,VS0,VE350' } ]
466 verbose etag https://registry.npmjs.org/http-server from cache
467 verbose get saving http-server to C:\Users\shavauhng\AppData\Roaming\npm-cache\registry.npmjs.org\http-server\.cache.json
468 http 304 https://registry.npmjs.org/jspm
469 verbose headers { 'cache-control': 'max-age=300',
469 verbose headers   'accept-ranges': 'bytes',
469 verbose headers   date: 'Fri, 11 Dec 2015 16:42:20 GMT',
469 verbose headers   via: '1.1 varnish',
469 verbose headers   connection: 'keep-alive',
469 verbose headers   'x-served-by': 'cache-atl6225-ATL',
469 verbose headers   'x-cache': 'MISS',
469 verbose headers   'x-cache-hits': '0',
469 verbose headers   'x-timer': 'S1449852140.428317,VS0,VE381' }
470 silly get cb [ 304,
470 silly get   { 'cache-control': 'max-age=300',
470 silly get     'accept-ranges': 'bytes',
470 silly get     date: 'Fri, 11 Dec 2015 16:42:20 GMT',
470 silly get     via: '1.1 varnish',
470 silly get     connection: 'keep-alive',
470 silly get     'x-served-by': 'cache-atl6225-ATL',
470 silly get     'x-cache': 'MISS',
470 silly get     'x-cache-hits': '0',
470 silly get     'x-timer': 'S1449852140.428317,VS0,VE381' } ]
471 verbose etag https://registry.npmjs.org/jspm from cache
472 verbose get saving jspm to C:\Users\shavauhng\AppData\Roaming\npm-cache\registry.npmjs.org\jspm\.cache.json
473 verbose stack Error: Registry returned 404 for GET on https://registry.npmjs.org/flameresponse
473 verbose stack     at makeError (C:\Program Files\nodejs\node_modules\npm\node_modules\npm-registry-client\lib\request.js:264:12)
473 verbose stack     at CachingRegistryClient.<anonymous> (C:\Program Files\nodejs\node_modules\npm\node_modules\npm-registry-client\lib\request.js:242:14)
473 verbose stack     at Request._callback (C:\Program Files\nodejs\node_modules\npm\node_modules\npm-registry-client\lib\request.js:172:14)
473 verbose stack     at Request.self.callback (C:\Program Files\nodejs\node_modules\npm\node_modules\request\request.js:198:22)
473 verbose stack     at emitTwo (events.js:88:13)
473 verbose stack     at Request.emit (events.js:173:7)
473 verbose stack     at Request.<anonymous> (C:\Program Files\nodejs\node_modules\npm\node_modules\request\request.js:1082:10)
473 verbose stack     at emitOne (events.js:83:20)
473 verbose stack     at Request.emit (events.js:170:7)
473 verbose stack     at IncomingMessage.<anonymous> (C:\Program Files\nodejs\node_modules\npm\node_modules\request\request.js:1009:12)
474 verbose statusCode 404
475 verbose pkgid flameresponse
476 verbose cwd C:\Users\shavauhng\Documents\dev\nodepress\flame-nunjucks
477 error Windows_NT 10.0.10586
478 error argv "C:\\Program Files\\nodejs\\node.exe" "C:\\Program Files\\nodejs\\node_modules\\npm\\bin\\npm-cli.js" "update" "-g"
479 error node v5.2.0
480 error npm  v3.3.12
481 error code E404
482 error 404 Registry returned 404 for GET on https://registry.npmjs.org/flameresponse
482 error 404
482 error 404 'flameresponse' is not in the npm registry.
482 error 404 You should bug the author to publish it (or use the name yourself!)
482 error 404
482 error 404 Note that you can also install from a
482 error 404 tarball, folder, http url, or git url.
483 verbose exit [ 1, true ]
